<?xml version="1.0" encoding="UTF-8"?>
<!-- Generated by org.testng.reporters.JUnitReportReporter -->
<testsuite skipped="0" hostname="Praveen" name="Rest_Test.Get_Data" tests="2" failures="0" timestamp="15 Nov 2022 18:57:51 GMT" time="3.437" errors="0">
  <testcase name="GetWeatherDetailsCondensed" time="3.023" classname="Rest_Test.Get_Data"/>
  <testcase name="testResponsecode" time="0.414" classname="Rest_Test.Get_Data"/>
</testsuite> <!-- Rest_Test.Get_Data -->
